<?xml version="1.0" encoding="UTF-8"?>
<!-- Generated by org.testng.reporters.JUnitXMLReporter -->
<testsuite ignored="0" hostname="BINTERNS-QA25L" failures="0" tests="11" name="Surefire test" time="28.325" errors="0" timestamp="2023-05-10T19:13:01 IST">
  <testcase classname="tests.Product_Drop_Down_List_Test" name="Login" time="0.013"/>
  <testcase classname="tests.Product_Drop_Down_List_Test" name="Dashboard_Heading" time="0.029"/>
  <testcase classname="tests.Product_Drop_Down_List_Test" name="Catalog_Icon_Click_and_Product_Page" time="1.418"/>
  <testcase classname="tests.Product_Drop_Down_List_Test" name="Add_New_Product_Button" time="6.279"/>
  <testcase classname="tests.Product_Drop_Down_List_Test" name="Product_Search_and_Select_Checkbox" time="3.47"/>
  <testcase classname="tests.Product_Drop_Down_List_Test" name="Product_image_upload" time="1.26"/>
  <testcase classname="tests.Product_Drop_Down_List_Test" name="Product_updated_successfully" time="1.468"/>
  <testcase classname="tests.Product_Drop_Down_List_Test" name="Catalog_PDF_Download" time="0.75"/>
  <testcase classname="tests.Product_Drop_Down_List_Test" name="Export_button" time="0.794"/>
  <testcase classname="tests.Product_Drop_Down_List_Test" name="Delete_Button" time="2.39"/>
  <testcase classname="tests.Product_Drop_Down_List_Test" name="Log_Out" time="1.887"/>
</testsuite> <!-- Surefire test -->
