<?xml version="1.0" encoding="UTF-8"?>
<!-- Generated by org.testng.reporters.JUnitXMLReporter -->
<testsuite ignored="1" hostname="BINTERNS-QA25L" failures="0" tests="3" name="Default test" time="13.743" errors="0" timestamp="2023-05-11T16:31:19 IST">
  <testcase classname="tests.Orders_Page_Test" name="Login" time="0.041"/>
  <testcase classname="tests.Orders_Page_Test" name="Sales_Icon_Click_and_Order_Page" time="2.279"/>
  <testcase classname="tests.Orders_Page_Test" name="Date_Selection_and_Product_Search" time="0.155"/>
  <testcase classname="tests.Orders_Page_Test" name="Dashboard_Heading" time="0.0">
    <ignored/>
  </testcase> <!-- Dashboard_Heading -->
</testsuite> <!-- Default test -->
