<?xml version="1.0" encoding="UTF-8"?>
<testsuite xmlns:xsi="http://www.w3.org/2001/XMLSchema-instance" xsi:noNamespaceSchemaLocation="https://maven.apache.org/surefire/maven-surefire-plugin/xsd/surefire-test-report-3.0.xsd" version="3.0" name="tests.Product_Drop_Down_List_Test" time="28.691" tests="11" errors="0" skipped="0" failures="0">
  <properties>
[...]
</properties>
  <testcase name="Login" classname="tests.Product_Drop_Down_List_Test" time="0.008">
    <system-err><![CDATA[SLF4J: Failed to load class "org.slf4j.impl.StaticLoggerBinder".
SLF4J: Defaulting to no-operation (NOP) logger implementation
SLF4J: See http://www.slf4j.org/codes.html#StaticLoggerBinder for further details.
Starting ChromeDriver 112.0.5615.49 (bd2a7bcb881c11e8cfe3078709382934e3916914-refs/branch-heads/5615@{#936}) on port 46808
Only local connections are allowed.
Please see https://chromedriver.chromium.org/security-considerations for suggestions on keeping ChromeDriver safe.
ChromeDriver was started successfully.
May 10, 2023 7:12:34 PM org.openqa.selenium.devtools.CdpVersionFinder findNearestMatch
WARNING: Unable to find an exact match for CDP version 112, so returning the closest version found: 109
]]></system-err>
  </testcase>
  <testcase name="Dashboard_Heading" classname="tests.Product_Drop_Down_List_Test" time="0.029"/>
  <testcase name="Catalog_Icon_Click_and_Product_Page" classname="tests.Product_Drop_Down_List_Test" time="1.418"/>
  <testcase name="Add_New_Product_Button" classname="tests.Product_Drop_Down_List_Test" time="6.279">
    <system-out><![CDATA[fa toggle-icon fa-minus
button already exapnd
true
fa toggle-icon fa-minus
button already exapnd
fa toggle-icon fa-minus
button already exapnd
fa toggle-icon fa-minus
button already exapnd
]]></system-out>
  </testcase>
  <testcase name="Product_Search_and_Select_Checkbox" classname="tests.Product_Drop_Down_List_Test" time="3.47"/>
  <testcase name="Product_image_upload" classname="tests.Product_Drop_Down_List_Test" time="1.261">
    <system-out><![CDATA[fa toggle-icon fa-minus
button already exapnd
mac.jpg
]]></system-out>
  </testcase>
  <testcase name="Product_updated_successfully" classname="tests.Product_Drop_Down_List_Test" time="1.468"/>
  <testcase name="Catalog_PDF_Download" classname="tests.Product_Drop_Down_List_Test" time="0.75"/>
  <testcase name="Export_button" classname="tests.Product_Drop_Down_List_Test" time="0.794"/>
  <testcase name="Delete_Button" classname="tests.Product_Drop_Down_List_Test" time="2.39">
    <system-out><![CDATA[far fa-angle-up
button already exapnd
]]></system-out>
  </testcase>
  <testcase name="Log_Out" classname="tests.Product_Drop_Down_List_Test" time="1.886"/>
</testsuite>